[2023-11-11 17:02:58,253] [1  ] [81   ] [INFO ] [PORLA.HMI.Main.App                                                                   ] - Application Started!
[2023-11-11 17:03:01,066] [1  ] [90   ] [INFO ] [POLAR.DIOADAM6052.Adam6052Module2                                                    ] - [ADAM 6052 - Module 2] - Connect is failure
[2023-11-11 17:03:02,435] [1  ] [126  ] [INFO ] [POLAR.DIOADAM6052.Adam6052Module1                                                    ] - [ADAM 6052 - Module 1] - Connect is failure
[2023-11-11 17:03:18,074] [1  ] [107  ] [ERROR] [POLAR.IAIMotionControl.IAIMotion                                                     ] - System.TimeoutException: Timeout connecting to 192.168.1.19:64516
   at SuperSimpleTcp.SimpleTcpClient.Connect()
   at POLAR.IAIMotionControl.IAIMotion.Initialize(String IP, String Port) in D:\1. DE_Project\3. Polar\2. FromMfg\1. Latest\ges-polar\POLAR.IAIMotionControl\IAIMotion.cs:line 107
[2023-11-11 17:03:18,090] [1  ] [355  ] [INFO ] [PORLA.HMI.Module.ViewModels.HomePageViewModel                                        ] - Can not initialize IAI motion
[2023-11-11 17:03:18,671] [1  ] [48   ] [INFO ] [PORLA.HMI.Module.ViewModels.VersionPageViewModel                                     ] - HMI Version:1.0.0.0
[2023-11-11 17:03:19,372] [1  ] [27   ] [INFO ] [PORLA.HMI.Module.DataService.DataHandle.DataHandle                                   ] - Module DataHandler Initialize Complete
[2023-11-11 17:04:08,772] [1  ] [464  ] [INFO ] [POLAR.PrecitecControl.FSSAreaScan                                                    ] - init
{
	$OFN 0 1;
	$SODX 65 66 67 68 69 82 83 256 257 264 265 272 273 280 281 288 289 296 297 304 305 312 313;
	// 256 -  Thickness 1, 264 -  Thickness 2, 272 - Thickness 3, 83 Sample Counter, 82 Intensity, 65-69 - Encoder
}

fn main(scanFreq= 50000) //Frequency the mirror speed is based on, should for must purposes be the same as the SHZ setting of the CHRocodile
{
	setFrequency(50000)
	exposure(50000, 50)	//50 KHz, LAI 50
	rect(x0=-9,y0=-15,x1=9,y1=15,nCols=875,nRows=1500,interp=0,waitAtBegin=15000,waitAtEnd=250,label="AreaScan 1")
}

[2023-11-11 17:04:08,787] [1  ] [464  ] [INFO ] [POLAR.PrecitecControl.FSSAreaScan                                                    ] - init
{
	$OFN 0 1;
	$SODX 65 66 67 68 69 82 83 256 257 264 265 272 273 280 281 288 289 296 297 304 305 312 313;
	// 256 -  Thickness 1, 264 -  Thickness 2, 272 - Thickness 3, 83 Sample Counter, 82 Intensity, 65-69 - Encoder
}

fn main(scanFreq= 50000) //Frequency the mirror speed is based on, should for must purposes be the same as the SHZ setting of the CHRocodile
{
	setFrequency(50000)
	exposure(50000, 50)	//50 KHz, LAI 50
	rect(x0=-9,y0=-15,x1=9,y1=15,nCols=875,nRows=1500,interp=0,waitAtBegin=15000,waitAtEnd=250,label="AreaScan 1")
}

[2023-11-11 17:05:38,132] [1  ] [81   ] [INFO ] [PORLA.HMI.Main.App                                                                   ] - Application Started!
[2023-11-11 17:05:40,025] [1  ] [90   ] [INFO ] [POLAR.DIOADAM6052.Adam6052Module2                                                    ] - [ADAM 6052 - Module 2] - Connect is failure
[2023-11-11 17:05:41,293] [1  ] [126  ] [INFO ] [POLAR.DIOADAM6052.Adam6052Module1                                                    ] - [ADAM 6052 - Module 1] - Connect is failure
[2023-11-11 17:05:55,759] [1  ] [107  ] [ERROR] [POLAR.IAIMotionControl.IAIMotion                                                     ] - System.TimeoutException: Timeout connecting to 192.168.1.19:64516
   at SuperSimpleTcp.SimpleTcpClient.Connect()
   at POLAR.IAIMotionControl.IAIMotion.Initialize(String IP, String Port) in D:\1. DE_Project\3. Polar\2. FromMfg\1. Latest\ges-polar\POLAR.IAIMotionControl\IAIMotion.cs:line 107
[2023-11-11 17:05:55,772] [1  ] [355  ] [INFO ] [PORLA.HMI.Module.ViewModels.HomePageViewModel                                        ] - Can not initialize IAI motion
[2023-11-11 17:05:56,152] [1  ] [48   ] [INFO ] [PORLA.HMI.Module.ViewModels.VersionPageViewModel                                     ] - HMI Version:1.0.0.0
[2023-11-11 17:05:56,658] [1  ] [27   ] [INFO ] [PORLA.HMI.Module.DataService.DataHandle.DataHandle                                   ] - Module DataHandler Initialize Complete
