[2023-10-26 14:34:59,280] [1  ] [80   ] [INFO ] [PORLA.HMI.Main.App                                                                   ] - Application Started!
[2023-10-26 14:35:00,073] [1  ] [79   ] [INFO ] [POLAR.DIOADAM6052.Adam6052Module2                                                    ] - [ADAM 6052 - Module 2] - Connected
[2023-10-26 14:35:00,152] [1  ] [143  ] [ERROR] [PORLA.HMI.Service.Configuration.ConfigHandler                                        ] - Get Value | Key POLAR.IAIConfig.IPAddress | Error : Loaded xml was corrupted
[2023-10-26 14:35:00,164] [1  ] [143  ] [ERROR] [PORLA.HMI.Service.Configuration.ConfigHandler                                        ] - Get Value | Key POLAR.IAIConfig.PortAuto | Error : Loaded xml was corrupted
[2023-10-26 14:35:00,165] [1  ] [143  ] [ERROR] [PORLA.HMI.Service.Configuration.ConfigHandler                                        ] - Get Value | Key POLAR.IAIConfig.Station | Error : Loaded xml was corrupted
[2023-10-26 14:35:00,166] [1  ] [143  ] [ERROR] [PORLA.HMI.Service.Configuration.ConfigHandler                                        ] - Get Value | Key POLAR.IAIConfig.XFixtureOffset | Error : Loaded xml was corrupted
[2023-10-26 14:35:00,167] [1  ] [143  ] [ERROR] [PORLA.HMI.Service.Configuration.ConfigHandler                                        ] - Get Value | Key POLAR.IAIConfig.XFixtureOffset | Error : Loaded xml was corrupted
[2023-10-26 14:35:00,237] [1  ] [117  ] [INFO ] [POLAR.DIOADAM6052.Adam6052Module1                                                    ] - [ADAM 6052 - Module 1] - Connected
[2023-10-26 14:35:03,544] [1  ] [94   ] [ERROR] [POLAR.IAIMotionControl.IAIMotion                                                     ] - System.FormatException: Input string was not in a correct format.
   at System.Number.StringToNumber(String str, NumberStyles options, NumberBuffer& number, NumberFormatInfo info, Boolean parseDecimal)
   at System.Number.ParseInt32(String s, NumberStyles style, NumberFormatInfo info)
   at SuperSimpleTcp.Common.ParseIpPort(String ipPort, String& ip, Int32& port)
   at SuperSimpleTcp.SimpleTcpClient..ctor(String ipPort)
   at POLAR.IAIMotionControl.IAIMotion.Initialize(String IP, String Port) in D:\Repo\ges-polar\POLAR.IAIMotionControl\IAIMotion.cs:line 94
[2023-10-26 14:35:03,560] [1  ] [320  ] [INFO ] [PORLA.HMI.Module.ViewModels.HomePageViewModel                                        ] - Can not initialize IAI motion
[2023-10-26 14:35:04,397] [1  ] [48   ] [INFO ] [PORLA.HMI.Module.ViewModels.VersionPageViewModel                                     ] - HMI Version:1.0.0.0
[2023-10-26 14:35:55,871] [1  ] [80   ] [INFO ] [PORLA.HMI.Main.App                                                                   ] - Application Started!
[2023-10-26 14:35:56,421] [1  ] [79   ] [INFO ] [POLAR.DIOADAM6052.Adam6052Module2                                                    ] - [ADAM 6052 - Module 2] - Connected
[2023-10-26 14:35:56,479] [1  ] [143  ] [ERROR] [PORLA.HMI.Service.Configuration.ConfigHandler                                        ] - Get Value | Key POLAR.IAIConfig.IPAddress | Error : Loaded xml was corrupted
[2023-10-26 14:35:56,483] [1  ] [143  ] [ERROR] [PORLA.HMI.Service.Configuration.ConfigHandler                                        ] - Get Value | Key POLAR.IAIConfig.PortAuto | Error : Loaded xml was corrupted
[2023-10-26 14:35:56,484] [1  ] [143  ] [ERROR] [PORLA.HMI.Service.Configuration.ConfigHandler                                        ] - Get Value | Key POLAR.IAIConfig.Station | Error : Loaded xml was corrupted
[2023-10-26 14:35:56,486] [1  ] [143  ] [ERROR] [PORLA.HMI.Service.Configuration.ConfigHandler                                        ] - Get Value | Key POLAR.IAIConfig.XFixtureOffset | Error : Loaded xml was corrupted
[2023-10-26 14:35:56,488] [1  ] [143  ] [ERROR] [PORLA.HMI.Service.Configuration.ConfigHandler                                        ] - Get Value | Key POLAR.IAIConfig.XFixtureOffset | Error : Loaded xml was corrupted
[2023-10-26 14:35:56,553] [1  ] [117  ] [INFO ] [POLAR.DIOADAM6052.Adam6052Module1                                                    ] - [ADAM 6052 - Module 1] - Connected
