[2023-11-01 10:57:45,572] [1  ] [80   ] [INFO ] [PORLA.HMI.Main.App                                                                   ] - Application Started!
[2023-11-01 10:57:46,435] [1  ] [79   ] [INFO ] [POLAR.DIOADAM6052.Adam6052Module2                                                    ] - [ADAM 6052 - Module 2] - Connected
[2023-11-01 10:57:46,482] [1  ] [143  ] [ERROR] [PORLA.HMI.Service.Configuration.ConfigHandler                                        ] - Get Value | Key POLAR.IAIConfig.IPAddress | Error : Loaded xml was corrupted
[2023-11-01 10:57:46,492] [1  ] [143  ] [ERROR] [PORLA.HMI.Service.Configuration.ConfigHandler                                        ] - Get Value | Key POLAR.IAIConfig.PortAuto | Error : Loaded xml was corrupted
[2023-11-01 10:57:46,493] [1  ] [143  ] [ERROR] [PORLA.HMI.Service.Configuration.ConfigHandler                                        ] - Get Value | Key POLAR.IAIConfig.Station | Error : Loaded xml was corrupted
[2023-11-01 10:57:46,495] [1  ] [143  ] [ERROR] [PORLA.HMI.Service.Configuration.ConfigHandler                                        ] - Get Value | Key POLAR.IAIConfig.XFixtureOffset | Error : Loaded xml was corrupted
[2023-11-01 10:57:46,495] [1  ] [143  ] [ERROR] [PORLA.HMI.Service.Configuration.ConfigHandler                                        ] - Get Value | Key POLAR.IAIConfig.XFixtureOffset | Error : Loaded xml was corrupted
[2023-11-01 10:57:46,560] [1  ] [117  ] [INFO ] [POLAR.DIOADAM6052.Adam6052Module1                                                    ] - [ADAM 6052 - Module 1] - Connected
[2023-11-01 10:57:49,051] [1  ] [94   ] [ERROR] [POLAR.IAIMotionControl.IAIMotion                                                     ] - System.FormatException: Input string was not in a correct format.
   at System.Number.StringToNumber(String str, NumberStyles options, NumberBuffer& number, NumberFormatInfo info, Boolean parseDecimal)
   at System.Number.ParseInt32(String s, NumberStyles style, NumberFormatInfo info)
   at SuperSimpleTcp.Common.ParseIpPort(String ipPort, String& ip, Int32& port)
   at SuperSimpleTcp.SimpleTcpClient..ctor(String ipPort)
   at POLAR.IAIMotionControl.IAIMotion.Initialize(String IP, String Port) in D:\Repo\ges-polar\POLAR.IAIMotionControl\IAIMotion.cs:line 94
[2023-11-01 10:57:49,069] [1  ] [320  ] [INFO ] [PORLA.HMI.Module.ViewModels.HomePageViewModel                                        ] - Can not initialize IAI motion
[2023-11-01 10:57:49,899] [1  ] [48   ] [INFO ] [PORLA.HMI.Module.ViewModels.VersionPageViewModel                                     ] - HMI Version:1.0.0.0
[2023-11-01 12:55:16,288] [1  ] [80   ] [INFO ] [PORLA.HMI.Main.App                                                                   ] - Application Started!
[2023-11-01 12:55:16,943] [1  ] [79   ] [INFO ] [POLAR.DIOADAM6052.Adam6052Module2                                                    ] - [ADAM 6052 - Module 2] - Connected
[2023-11-01 12:55:16,976] [1  ] [143  ] [ERROR] [PORLA.HMI.Service.Configuration.ConfigHandler                                        ] - Get Value | Key POLAR.IAIConfig.IPAddress | Error : Loaded xml was corrupted
[2023-11-01 12:55:16,979] [1  ] [143  ] [ERROR] [PORLA.HMI.Service.Configuration.ConfigHandler                                        ] - Get Value | Key POLAR.IAIConfig.PortAuto | Error : Loaded xml was corrupted
[2023-11-01 12:55:16,980] [1  ] [143  ] [ERROR] [PORLA.HMI.Service.Configuration.ConfigHandler                                        ] - Get Value | Key POLAR.IAIConfig.Station | Error : Loaded xml was corrupted
[2023-11-01 12:55:16,981] [1  ] [143  ] [ERROR] [PORLA.HMI.Service.Configuration.ConfigHandler                                        ] - Get Value | Key POLAR.IAIConfig.XFixtureOffset | Error : Loaded xml was corrupted
[2023-11-01 12:55:16,982] [1  ] [143  ] [ERROR] [PORLA.HMI.Service.Configuration.ConfigHandler                                        ] - Get Value | Key POLAR.IAIConfig.XFixtureOffset | Error : Loaded xml was corrupted
[2023-11-01 12:55:17,050] [1  ] [117  ] [INFO ] [POLAR.DIOADAM6052.Adam6052Module1                                                    ] - [ADAM 6052 - Module 1] - Connected
[2023-11-01 12:55:19,717] [1  ] [94   ] [ERROR] [POLAR.IAIMotionControl.IAIMotion                                                     ] - System.FormatException: Input string was not in a correct format.
   at System.Number.StringToNumber(String str, NumberStyles options, NumberBuffer& number, NumberFormatInfo info, Boolean parseDecimal)
   at System.Number.ParseInt32(String s, NumberStyles style, NumberFormatInfo info)
   at SuperSimpleTcp.Common.ParseIpPort(String ipPort, String& ip, Int32& port)
   at SuperSimpleTcp.SimpleTcpClient..ctor(String ipPort)
   at POLAR.IAIMotionControl.IAIMotion.Initialize(String IP, String Port) in D:\Repo\ges-polar\POLAR.IAIMotionControl\IAIMotion.cs:line 94
[2023-11-01 12:55:19,741] [1  ] [320  ] [INFO ] [PORLA.HMI.Module.ViewModels.HomePageViewModel                                        ] - Can not initialize IAI motion
[2023-11-01 12:55:20,279] [1  ] [48   ] [INFO ] [PORLA.HMI.Module.ViewModels.VersionPageViewModel                                     ] - HMI Version:1.0.0.0
